0 info it worked if it ends with ok
1 verbose cli [ '/home/tudip/.nvm/v6.9.4/bin/node',
1 verbose cli   '/home/tudip/.nvm/v6.9.4/bin/npm',
1 verbose cli   'start' ]
2 info using npm@3.10.10
3 info using node@v6.9.4
4 verbose run-script [ 'prestart', 'start', 'poststart' ]
5 info lifecycle meantodos@1.0.0~prestart: meantodos@1.0.0
6 silly lifecycle meantodos@1.0.0~prestart: no script for prestart, continuing
7 info lifecycle meantodos@1.0.0~start: meantodos@1.0.0
8 verbose lifecycle meantodos@1.0.0~start: unsafe-perm in lifecycle true
9 verbose lifecycle meantodos@1.0.0~start: PATH: /home/tudip/.nvm/v6.9.4/lib/node_modules/npm/bin/node-gyp-bin:/home/tudip/Desktop/Guestbook/client/node_modules/.bin:/home/tudip/.nvm/v6.9.4/bin:/usr/local/heroku/bin:/home/tudip/bin:/home/tudip/.rvm/gems/ruby-2.2.1/bin:/home/tudip/.rvm/gems/ruby-2.2.1@global/bin:/home/tudip/.rvm/rubies/ruby-2.2.1/bin:/usr/local/sbin:/usr/local/bin:/usr/sbin:/usr/bin:/sbin:/bin:/usr/games:/usr/local/games:/usr/lib/jvm/java-8-oracle/bin:/usr/lib/jvm/java-8-oracle/db/bin:/usr/lib/jvm/java-8-oracle/jre/bin:/home/tudip/.rvm/bin:/home/tudip/.rvm/bin:/home/tudip/.rvm/bin
10 verbose lifecycle meantodos@1.0.0~start: CWD: /home/tudip/Desktop/Guestbook/client
11 silly lifecycle meantodos@1.0.0~start: Args: [ '-c', 'tsc && concurrently "npm run tsc:w" "npm run lite" ' ]
12 silly lifecycle meantodos@1.0.0~start: Returned: code: 2  signal: null
13 info lifecycle meantodos@1.0.0~start: Failed to exec start script
14 verbose stack Error: meantodos@1.0.0 start: `tsc && concurrently "npm run tsc:w" "npm run lite" `
14 verbose stack Exit status 2
14 verbose stack     at EventEmitter.<anonymous> (/home/tudip/.nvm/v6.9.4/lib/node_modules/npm/lib/utils/lifecycle.js:255:16)
14 verbose stack     at emitTwo (events.js:106:13)
14 verbose stack     at EventEmitter.emit (events.js:191:7)
14 verbose stack     at ChildProcess.<anonymous> (/home/tudip/.nvm/v6.9.4/lib/node_modules/npm/lib/utils/spawn.js:40:14)
14 verbose stack     at emitTwo (events.js:106:13)
14 verbose stack     at ChildProcess.emit (events.js:191:7)
14 verbose stack     at maybeClose (internal/child_process.js:877:16)
14 verbose stack     at Process.ChildProcess._handle.onexit (internal/child_process.js:226:5)
15 verbose pkgid meantodos@1.0.0
16 verbose cwd /home/tudip/Desktop/Guestbook/client
17 error Linux 3.13.0-65-generic
18 error argv "/home/tudip/.nvm/v6.9.4/bin/node" "/home/tudip/.nvm/v6.9.4/bin/npm" "start"
19 error node v6.9.4
20 error npm  v3.10.10
21 error code ELIFECYCLE
22 error meantodos@1.0.0 start: `tsc && concurrently "npm run tsc:w" "npm run lite" `
22 error Exit status 2
23 error Failed at the meantodos@1.0.0 start script 'tsc && concurrently "npm run tsc:w" "npm run lite" '.
23 error Make sure you have the latest version of node.js and npm installed.
23 error If you do, this is most likely a problem with the meantodos package,
23 error not with npm itself.
23 error Tell the author that this fails on your system:
23 error     tsc && concurrently "npm run tsc:w" "npm run lite"
23 error You can get information on how to open an issue for this project with:
23 error     npm bugs meantodos
23 error Or if that isn't available, you can get their info via:
23 error     npm owner ls meantodos
23 error There is likely additional logging output above.
24 verbose exit [ 1, true ]
